<?xml version="1.0" encoding="UTF-8"?>
<robot generator="Robot 4.1.3 (Python 3.8.9 on darwin)" generated="20220207 23:20:56.217" rpa="false" schemaversion="2">
<suite id="s1" name="Mouse" source="/Users/alanliew/Desktop/Robot/mouse.robot">
<test id="s1-t1" name="MouseAction">
<kw name="Open Browser" library="SeleniumLibrary">
<arg>https://testautomationpractice.blogspot.com</arg>
<arg>chrome</arg>
<doc>Opens a new browser instance to the optional ``url``.</doc>
<msg timestamp="20220207 23:20:56.341" level="INFO">Opening browser 'chrome' to base url 'https://testautomationpractice.blogspot.com'.</msg>
<status status="PASS" starttime="20220207 23:20:56.341" endtime="20220207 23:21:03.499"/>
</kw>
<kw name="Maximize Browser Window" library="SeleniumLibrary">
<doc>Maximizes current browser window.</doc>
<status status="PASS" starttime="20220207 23:21:03.500" endtime="20220207 23:21:03.691"/>
</kw>
<kw name="Open Context Menu" library="SeleniumLibrary">
<arg>xpath://*[@id="HTML9"]/div[1]/button</arg>
<doc>Opens the context menu on the element identified by ``locator``.</doc>
<status status="PASS" starttime="20220207 23:21:03.692" endtime="20220207 23:21:04.049"/>
</kw>
<kw name="Double Click Element" library="SeleniumLibrary">
<arg>xpath://*[@id="field2"]</arg>
<doc>Double clicks the element identified by ``locator``.</doc>
<msg timestamp="20220207 23:21:04.050" level="INFO">Double clicking element 'xpath://*[@id="field2"]'.</msg>
<status status="PASS" starttime="20220207 23:21:04.049" endtime="20220207 23:21:04.329"/>
</kw>
<kw name="Input Text" library="SeleniumLibrary">
<arg>xpath://*[@id="field2"]</arg>
<arg>hello world</arg>
<doc>Types the given ``text`` into the text field identified by ``locator``.</doc>
<msg timestamp="20220207 23:21:04.329" level="INFO">Typing text 'hello world' into text field 'xpath://*[@id="field2"]'.</msg>
<status status="PASS" starttime="20220207 23:21:04.329" endtime="20220207 23:21:04.405"/>
</kw>
<kw name="Capture Page Screenshot" library="SeleniumLibrary">
<arg>text.png</arg>
<doc>Takes a screenshot of the current page and embeds it into a log file.</doc>
<msg timestamp="20220207 23:21:04.684" level="INFO" html="true">&lt;/td&gt;&lt;/tr&gt;&lt;tr&gt;&lt;td colspan="3"&gt;&lt;a href="text.png"&gt;&lt;img src="text.png" width="800px"&gt;&lt;/a&gt;</msg>
<status status="PASS" starttime="20220207 23:21:04.405" endtime="20220207 23:21:04.684"/>
</kw>
<kw name="Sleep" library="BuiltIn">
<arg>5</arg>
<doc>Pauses the test executed for the given time.</doc>
<msg timestamp="20220207 23:21:09.686" level="INFO">Slept 5 seconds</msg>
<status status="PASS" starttime="20220207 23:21:04.685" endtime="20220207 23:21:09.686"/>
</kw>
<kw name="Close Browser" library="SeleniumLibrary">
<doc>Closes the current browser.</doc>
<status status="PASS" starttime="20220207 23:21:09.687" endtime="20220207 23:21:09.757"/>
</kw>
<status status="PASS" starttime="20220207 23:20:56.341" endtime="20220207 23:21:09.757"/>
</test>
<status status="PASS" starttime="20220207 23:20:56.217" endtime="20220207 23:21:09.758"/>
</suite>
<statistics>
<total>
<stat pass="1" fail="0" skip="0">All Tests</stat>
</total>
<tag>
</tag>
<suite>
<stat pass="1" fail="0" skip="0" id="s1" name="Mouse">Mouse</stat>
</suite>
</statistics>
<errors>
</errors>
</robot>
